<?xml version="1.0" encoding="UTF-8"?>
<!-- Generated by org.testng.reporters.JUnitReportReporter -->
<testsuite hostname="Viveks-MacBook-Pro.local" failures="0" tests="2" name="Test01.VerifyTitle" time="17.414" errors="0" timestamp="2022-08-11T06:25:06 IST" skipped="0">
  <testcase classname="Test01.VerifyTitle" name="testerw3" time="5.091"/>
  <system-out/>
  <testcase classname="Test01.VerifyTitle" name="tester22" time="12.323"/>
  <system-out/>
</testsuite> <!-- Test01.VerifyTitle -->
