<?xml version="1.0" encoding="UTF-8"?>
<!-- Generated by org.testng.reporters.JUnitReportReporter -->
<testsuite hostname="Viveks-MacBook-Pro.local" failures="0" tests="2" name="parallel_browsers.VerifyTitle" time="54.904" errors="0" timestamp="2022-02-12T22:15:51 IST" skipped="0">
  <testcase classname="parallel_browsers.VerifyTitle" name="verifyPageTitle" time="20.221"/>
  <system-out/>
  <testcase classname="parallel_browsers.VerifyTitle" name="verifyPageTitle" time="34.683"/>
  <system-out/>
</testsuite> <!-- parallel_browsers.VerifyTitle -->
