<?xml version="1.0" encoding="UTF-8"?>
<!-- Generated by org.testng.reporters.JUnitReportReporter -->
<testsuite hostname="Viveks-MacBook-Pro.local" failures="0" tests="1" name="Test01.NewTest" time="0.017" errors="0" timestamp="2021-12-14T05:36:36 IST" skipped="0">
  <testcase classname="Test01.NewTest" name="f" time="0.017"/>
  <system-out/>
</testsuite> <!-- Test01.NewTest -->
