<?xml version="1.0" encoding="UTF-8"?>
<!-- Generated by org.testng.reporters.JUnitReportReporter -->
<testsuite skipped="0" hostname="Viveks-MacBook-Pro.local" name="Test01.VerifyTitle" tests="2" failures="0" timestamp="2022-08-11T06:34:46 IST" time="14.315" errors="0">
  <testcase name="testerw3" time="6.311" classname="Test01.VerifyTitle"/>
  <system-out/>
  <testcase name="tester22" time="8.004" classname="Test01.VerifyTitle"/>
  <system-out/>
</testsuite> <!-- Test01.VerifyTitle -->
